ERROR:root:unsupported operand type(s) for /: 'int' and 'str'
Traceback (most recent call last):
  File "C:\Users\bollini.nivas\AppData\Local\Temp\ipykernel_10420\3777582379.py", line 10, in <module>
    print(10/i)
          ~~^~
TypeError: unsupported operand type(s) for /: 'int' and 'str'
ERROR:root:division by zero
Traceback (most recent call last):
  File "C:\Users\bollini.nivas\AppData\Local\Temp\ipykernel_10420\3777582379.py", line 10, in <module>
    print(10/i)
          ~~^~
ZeroDivisionError: division by zero
ERROR:root:unsupported operand type(s) for /: 'int' and 'str'
Traceback (most recent call last):
  File "C:\Users\bollini.nivas\AppData\Local\Temp\ipykernel_10420\4273734046.py", line 10, in <module>
    print(10/i)
          ~~^~
TypeError: unsupported operand type(s) for /: 'int' and 'str'
ERROR:root:division by zero
Traceback (most recent call last):
  File "C:\Users\bollini.nivas\AppData\Local\Temp\ipykernel_10420\4273734046.py", line 10, in <module>
    print(10/i)
          ~~^~
ZeroDivisionError: division by zero
ERROR:root:unsupported operand type(s) for /: 'int' and 'str'
Traceback (most recent call last):
  File "C:\Users\bollini.nivas\AppData\Local\Temp\ipykernel_10420\3777582379.py", line 10, in <module>
    print(10/i)
          ~~^~
TypeError: unsupported operand type(s) for /: 'int' and 'str'
ERROR:root:division by zero
Traceback (most recent call last):
  File "C:\Users\bollini.nivas\AppData\Local\Temp\ipykernel_10420\3777582379.py", line 10, in <module>
    print(10/i)
          ~~^~
ZeroDivisionError: division by zero
